<?xml version="1.0" ?>
<coverage version="7.15.1" timestamp="1784070531196" lines-valid="580" lines-covered="27" line-rate="0.04655" branches-valid="116" branches-covered="7" branch-rate="0.06034" complexity="0">
	<!-- Generated by coverage.py: https://coverage.readthedocs.io/en/7.15.1 -->
	<!-- Based on https://raw.githubusercontent.com/cobertura/web/master/htdocs/xml/coverage-04.dtd -->
	<sources>
		<source>/home/ellisapotheosis/repos/project-nyra/services/quote-api/app</source>
	</sources>
	<packages>
		<package name="." line-rate="0.04655" branch-rate="0.06034" complexity="0">
			<classes>
				<class name="calc.py" filename="calc.py" complexity="0" line-rate="0" branch-rate="0">
					<methods/>
					<lines>
						<line number="1" hits="0"/>
						<line number="3" hits="0"/>
						<line number="4" hits="0"/>
						<line number="5" hits="0"/>
						<line number="7" hits="0"/>
						<line number="9" hits="0"/>
						<line number="12" hits="0"/>
						<line number="13" hits="0"/>
						<line number="24" hits="0"/>
						<line number="27" hits="0" branch="true" condition-coverage="0% (0/2)" missing-branches="28,29"/>
						<line number="28" hits="0"/>
						<line number="29" hits="0" branch="true" condition-coverage="0% (0/2)" missing-branches="30,31"/>
						<line number="30" hits="0"/>
						<line number="31" hits="0" branch="true" condition-coverage="0% (0/2)" missing-branches="32,33"/>
						<line number="32" hits="0"/>
						<line number="33" hits="0" branch="true" condition-coverage="0% (0/2)" missing-branches="34,35"/>
						<line number="34" hits="0"/>
						<line number="35" hits="0"/>
						<line number="38" hits="0"/>
						<line number="49" hits="0"/>
						<line number="50" hits="0"/>
						<line number="53" hits="0"/>
						<line number="58" hits="0" branch="true" condition-coverage="0% (0/2)" missing-branches="59,60"/>
						<line number="59" hits="0"/>
						<line number="60" hits="0" branch="true" condition-coverage="0% (0/2)" missing-branches="61,62"/>
						<line number="61" hits="0"/>
						<line number="62" hits="0"/>
						<line number="65" hits="0"/>
						<line number="66" hits="0"/>
						<line number="67" hits="0"/>
						<line number="68" hits="0"/>
						<line number="71" hits="0"/>
						<line number="73" hits="0"/>
						<line number="74" hits="0"/>
						<line number="75" hits="0"/>
						<line number="78" hits="0" branch="true" condition-coverage="0% (0/2)" missing-branches="80,88"/>
						<line number="80" hits="0"/>
						<line number="81" hits="0"/>
						<line number="82" hits="0" branch="true" condition-coverage="0% (0/2)" missing-branches="83,85"/>
						<line number="83" hits="0"/>
						<line number="85" hits="0"/>
						<line number="86" hits="0"/>
						<line number="88" hits="0"/>
						<line number="89" hits="0"/>
						<line number="92" hits="0"/>
						<line number="93" hits="0"/>
						<line number="94" hits="0"/>
						<line number="96" hits="0"/>
						<line number="97" hits="0"/>
						<line number="98" hits="0"/>
						<line number="100" hits="0"/>
						<line number="101" hits="0"/>
						<line number="103" hits="0" branch="true" condition-coverage="0% (0/2)" missing-branches="104,138"/>
						<line number="104" hits="0"/>
						<line number="105" hits="0"/>
						<line number="106" hits="0"/>
						<line number="109" hits="0" branch="true" condition-coverage="0% (0/2)" missing-branches="110,113"/>
						<line number="110" hits="0"/>
						<line number="111" hits="0"/>
						<line number="113" hits="0"/>
						<line number="114" hits="0" branch="true" condition-coverage="0% (0/2)" missing-branches="115,117"/>
						<line number="115" hits="0"/>
						<line number="117" hits="0"/>
						<line number="118" hits="0"/>
						<line number="120" hits="0"/>
						<line number="132" hits="0" branch="true" condition-coverage="0% (0/2)" missing-branches="133,136"/>
						<line number="133" hits="0"/>
						<line number="134" hits="0"/>
						<line number="136" hits="0"/>
						<line number="138" hits="0"/>
						<line number="140" hits="0"/>
						<line number="142" hits="0"/>
						<line number="153" hits="0"/>
					</lines>
				</class>
				<class name="loan_calc.py" filename="loan_calc.py" complexity="0" line-rate="0" branch-rate="0">
					<methods/>
					<lines>
						<line number="4" hits="0"/>
						<line number="6" hits="0"/>
						<line number="7" hits="0"/>
						<line number="8" hits="0"/>
						<line number="10" hits="0"/>
						<line number="19" hits="0"/>
						<line number="20" hits="0"/>
						<line number="23" hits="0"/>
						<line number="32" hits="0"/>
						<line number="35" hits="0"/>
						<line number="38" hits="0"/>
						<line number="39" hits="0" branch="true" condition-coverage="0% (0/2)" missing-branches="40,43"/>
						<line number="40" hits="0"/>
						<line number="43" hits="0"/>
						<line number="44" hits="0"/>
						<line number="45" hits="0"/>
						<line number="48" hits="0"/>
						<line number="49" hits="0"/>
						<line number="52" hits="0"/>
						<line number="53" hits="0"/>
						<line number="54" hits="0"/>
						<line number="56" hits="0"/>
						<line number="57" hits="0"/>
						<line number="58" hits="0"/>
						<line number="61" hits="0"/>
						<line number="62" hits="0"/>
						<line number="63" hits="0"/>
						<line number="65" hits="0" branch="true" condition-coverage="0% (0/2)" missing-branches="67,110"/>
						<line number="67" hits="0"/>
						<line number="68" hits="0"/>
						<line number="69" hits="0"/>
						<line number="72" hits="0"/>
						<line number="73" hits="0"/>
						<line number="76" hits="0" branch="true" condition-coverage="0% (0/2)" missing-branches="77,80"/>
						<line number="77" hits="0"/>
						<line number="78" hits="0"/>
						<line number="80" hits="0"/>
						<line number="81" hits="0" branch="true" condition-coverage="0% (0/2)" missing-branches="82,85"/>
						<line number="82" hits="0"/>
						<line number="85" hits="0"/>
						<line number="88" hits="0"/>
						<line number="89" hits="0"/>
						<line number="90" hits="0"/>
						<line number="92" hits="0"/>
						<line number="104" hits="0" branch="true" condition-coverage="0% (0/2)" missing-branches="105,108"/>
						<line number="105" hits="0"/>
						<line number="106" hits="0"/>
						<line number="108" hits="0"/>
						<line number="110" hits="0"/>
						<line number="113" hits="0"/>
						<line number="116" hits="0"/>
						<line number="119" hits="0"/>
						<line number="131" hits="0" branch="true" condition-coverage="0% (0/2)" missing-branches="132,134"/>
						<line number="132" hits="0"/>
						<line number="133" hits="0"/>
						<line number="134" hits="0" branch="true" condition-coverage="0% (0/2)" missing-branches="135,136"/>
						<line number="135" hits="0"/>
						<line number="136" hits="0" branch="true" condition-coverage="0% (0/2)" missing-branches="137,139"/>
						<line number="137" hits="0"/>
						<line number="139" hits="0"/>
						<line number="143" hits="0"/>
						<line number="145" hits="0"/>
						<line number="181" hits="0"/>
					</lines>
				</class>
				<class name="loan_types.py" filename="loan_types.py" complexity="0" line-rate="0" branch-rate="0">
					<methods/>
					<lines>
						<line number="4" hits="0"/>
						<line number="6" hits="0"/>
						<line number="7" hits="0"/>
						<line number="8" hits="0"/>
						<line number="9" hits="0"/>
						<line number="11" hits="0"/>
						<line number="14" hits="0"/>
						<line number="17" hits="0"/>
						<line number="18" hits="0"/>
						<line number="19" hits="0"/>
						<line number="20" hits="0"/>
						<line number="21" hits="0"/>
						<line number="22" hits="0"/>
						<line number="23" hits="0"/>
						<line number="24" hits="0"/>
						<line number="27" hits="0"/>
						<line number="30" hits="0"/>
						<line number="31" hits="0"/>
						<line number="32" hits="0"/>
						<line number="33" hits="0"/>
						<line number="34" hits="0"/>
						<line number="35" hits="0"/>
						<line number="38" hits="0"/>
						<line number="41" hits="0"/>
						<line number="42" hits="0"/>
						<line number="43" hits="0"/>
						<line number="44" hits="0"/>
						<line number="45" hits="0"/>
						<line number="46" hits="0"/>
						<line number="47" hits="0"/>
						<line number="50" hits="0"/>
						<line number="53" hits="0"/>
						<line number="54" hits="0"/>
						<line number="56" hits="0"/>
						<line number="57" hits="0"/>
						<line number="58" hits="0"/>
						<line number="59" hits="0"/>
						<line number="60" hits="0"/>
						<line number="63" hits="0"/>
						<line number="66" hits="0"/>
						<line number="67" hits="0"/>
						<line number="68" hits="0"/>
						<line number="69" hits="0"/>
						<line number="70" hits="0"/>
						<line number="71" hits="0"/>
						<line number="72" hits="0"/>
						<line number="75" hits="0"/>
						<line number="79" hits="0"/>
						<line number="80" hits="0"/>
						<line number="82" hits="0"/>
						<line number="83" hits="0"/>
						<line number="85" hits="0"/>
						<line number="86" hits="0"/>
						<line number="87" hits="0"/>
						<line number="90" hits="0"/>
						<line number="93" hits="0"/>
						<line number="94" hits="0"/>
						<line number="95" hits="0"/>
						<line number="99" hits="0"/>
						<line number="100" hits="0"/>
						<line number="101" hits="0" branch="true" condition-coverage="0% (0/2)" missing-branches="102,103"/>
						<line number="102" hits="0"/>
						<line number="103" hits="0" branch="true" condition-coverage="0% (0/2)" missing-branches="104,105"/>
						<line number="104" hits="0"/>
						<line number="105" hits="0" branch="true" condition-coverage="0% (0/2)" missing-branches="exit,106"/>
						<line number="106" hits="0"/>
						<line number="109" hits="0"/>
						<line number="110" hits="0"/>
						<line number="113" hits="0"/>
						<line number="114" hits="0"/>
						<line number="115" hits="0"/>
						<line number="118" hits="0"/>
						<line number="121" hits="0"/>
						<line number="123" hits="0"/>
						<line number="124" hits="0"/>
						<line number="125" hits="0"/>
						<line number="127" hits="0"/>
						<line number="129" hits="0"/>
						<line number="130" hits="0"/>
						<line number="131" hits="0"/>
						<line number="133" hits="0"/>
						<line number="136" hits="0"/>
						<line number="139" hits="0"/>
						<line number="140" hits="0"/>
						<line number="143" hits="0"/>
						<line number="144" hits="0"/>
						<line number="146" hits="0"/>
						<line number="147" hits="0"/>
						<line number="149" hits="0"/>
						<line number="150" hits="0"/>
						<line number="153" hits="0"/>
						<line number="154" hits="0"/>
						<line number="156" hits="0"/>
						<line number="157" hits="0"/>
						<line number="159" hits="0"/>
						<line number="160" hits="0"/>
						<line number="163" hits="0"/>
						<line number="164" hits="0"/>
						<line number="165" hits="0"/>
						<line number="166" hits="0"/>
						<line number="167" hits="0"/>
						<line number="170" hits="0"/>
						<line number="171" hits="0"/>
						<line number="173" hits="0"/>
						<line number="174" hits="0"/>
						<line number="176" hits="0"/>
						<line number="177" hits="0"/>
						<line number="179" hits="0"/>
						<line number="182" hits="0"/>
						<line number="183" hits="0"/>
						<line number="184" hits="0"/>
						<line number="186" hits="0"/>
						<line number="187" hits="0"/>
						<line number="189" hits="0"/>
						<line number="192" hits="0"/>
						<line number="195" hits="0"/>
						<line number="198" hits="0"/>
						<line number="199" hits="0"/>
						<line number="200" hits="0"/>
						<line number="201" hits="0"/>
						<line number="202" hits="0"/>
						<line number="205" hits="0"/>
						<line number="208" hits="0"/>
						<line number="215" hits="0"/>
						<line number="218" hits="0"/>
						<line number="221" hits="0" branch="true" condition-coverage="0% (0/2)" missing-branches="222,229"/>
						<line number="222" hits="0" branch="true" condition-coverage="0% (0/2)" missing-branches="224,227"/>
						<line number="224" hits="0"/>
						<line number="227" hits="0"/>
						<line number="229" hits="0" branch="true" condition-coverage="0% (0/2)" missing-branches="231,233"/>
						<line number="231" hits="0"/>
						<line number="233" hits="0"/>
						<line number="236" hits="0"/>
						<line number="239" hits="0"/>
						<line number="242" hits="0" branch="true" condition-coverage="0% (0/2)" missing-branches="243,264"/>
						<line number="243" hits="0" branch="true" condition-coverage="0% (0/2)" missing-branches="246,261"/>
						<line number="246" hits="0" branch="true" condition-coverage="0% (0/2)" missing-branches="247,248"/>
						<line number="247" hits="0"/>
						<line number="248" hits="0" branch="true" condition-coverage="0% (0/2)" missing-branches="249,250"/>
						<line number="249" hits="0"/>
						<line number="250" hits="0" branch="true" condition-coverage="0% (0/2)" missing-branches="251,253"/>
						<line number="251" hits="0"/>
						<line number="253" hits="0"/>
						<line number="256" hits="0"/>
						<line number="257" hits="0" branch="true" condition-coverage="0% (0/2)" missing-branches="258,260"/>
						<line number="258" hits="0"/>
						<line number="260" hits="0"/>
						<line number="261" hits="0"/>
						<line number="264" hits="0" branch="true" condition-coverage="0% (0/2)" missing-branches="266,272"/>
						<line number="266" hits="0"/>
						<line number="267" hits="0" branch="true" condition-coverage="0% (0/2)" missing-branches="268,269"/>
						<line number="268" hits="0"/>
						<line number="269" hits="0"/>
						<line number="272" hits="0" branch="true" condition-coverage="0% (0/2)" missing-branches="273,276"/>
						<line number="273" hits="0"/>
						<line number="276" hits="0" branch="true" condition-coverage="0% (0/2)" missing-branches="277,279"/>
						<line number="277" hits="0"/>
						<line number="279" hits="0"/>
						<line number="282" hits="0"/>
						<line number="285" hits="0"/>
						<line number="286" hits="0"/>
						<line number="289" hits="0" branch="true" condition-coverage="0% (0/2)" missing-branches="290,293"/>
						<line number="290" hits="0"/>
						<line number="293" hits="0" branch="true" condition-coverage="0% (0/2)" missing-branches="294,297"/>
						<line number="294" hits="0"/>
						<line number="297" hits="0" branch="true" condition-coverage="0% (0/2)" missing-branches="298,302"/>
						<line number="298" hits="0"/>
						<line number="299" hits="0" branch="true" condition-coverage="0% (0/2)" missing-branches="300,302"/>
						<line number="300" hits="0"/>
						<line number="302" hits="0" branch="true" condition-coverage="0% (0/2)" missing-branches="303,307"/>
						<line number="303" hits="0"/>
						<line number="304" hits="0" branch="true" condition-coverage="0% (0/2)" missing-branches="305,307"/>
						<line number="305" hits="0"/>
						<line number="307" hits="0"/>
						<line number="310" hits="0"/>
						<line number="312" hits="0"/>
					</lines>
				</class>
				<class name="main.py" filename="main.py" complexity="0" line-rate="0" branch-rate="0">
					<methods/>
					<lines>
						<line number="5" hits="0"/>
						<line number="7" hits="0"/>
						<line number="8" hits="0"/>
						<line number="9" hits="0"/>
						<line number="11" hits="0"/>
						<line number="12" hits="0"/>
						<line number="13" hits="0"/>
						<line number="19" hits="0"/>
						<line number="20" hits="0"/>
						<line number="22" hits="0"/>
						<line number="29" hits="0"/>
						<line number="38" hits="0"/>
						<line number="39" hits="0"/>
						<line number="41" hits="0"/>
						<line number="44" hits="0"/>
						<line number="45" hits="0"/>
						<line number="47" hits="0"/>
						<line number="67" hits="0"/>
						<line number="68" hits="0"/>
						<line number="72" hits="0"/>
						<line number="75" hits="0"/>
						<line number="76" hits="0" branch="true" condition-coverage="0% (0/2)" missing-branches="77,80"/>
						<line number="77" hits="0"/>
						<line number="80" hits="0"/>
						<line number="82" hits="0"/>
						<line number="90" hits="0"/>
						<line number="91" hits="0"/>
						<line number="95" hits="0"/>
						<line number="98" hits="0"/>
						<line number="102" hits="0"/>
						<line number="104" hits="0"/>
						<line number="105" hits="0"/>
						<line number="109" hits="0"/>
						<line number="112" hits="0"/>
						<line number="113" hits="0" branch="true" condition-coverage="0% (0/2)" missing-branches="114,117"/>
						<line number="114" hits="0"/>
						<line number="117" hits="0"/>
						<line number="120" hits="0"/>
						<line number="122" hits="0"/>
						<line number="130" hits="0"/>
						<line number="131" hits="0"/>
						<line number="135" hits="0"/>
						<line number="136" hits="0"/>
						<line number="138" hits="0" branch="true" condition-coverage="0% (0/2)" missing-branches="139,163"/>
						<line number="139" hits="0"/>
						<line number="140" hits="0"/>
						<line number="141" hits="0"/>
						<line number="143" hits="0"/>
						<line number="144" hits="0" branch="true" condition-coverage="0% (0/2)" missing-branches="145,148"/>
						<line number="145" hits="0"/>
						<line number="146" hits="0"/>
						<line number="148" hits="0"/>
						<line number="150" hits="0"/>
						<line number="160" hits="0"/>
						<line number="161" hits="0"/>
						<line number="163" hits="0"/>
						<line number="174" hits="0"/>
						<line number="175" hits="0"/>
						<line number="177" hits="0"/>
						<line number="178" hits="0"/>
					</lines>
				</class>
				<class name="main_enhanced.py" filename="main_enhanced.py" complexity="0" line-rate="0" branch-rate="0">
					<methods/>
					<lines>
						<line number="6" hits="0"/>
						<line number="8" hits="0"/>
						<line number="9" hits="0"/>
						<line number="10" hits="0"/>
						<line number="12" hits="0"/>
						<line number="13" hits="0"/>
						<line number="14" hits="0"/>
						<line number="20" hits="0"/>
						<line number="22" hits="0"/>
						<line number="29" hits="0"/>
						<line number="38" hits="0"/>
						<line number="39" hits="0"/>
						<line number="41" hits="0"/>
						<line number="44" hits="0"/>
						<line number="45" hits="0"/>
						<line number="47" hits="0"/>
						<line number="64" hits="0"/>
						<line number="65" hits="0"/>
						<line number="67" hits="0"/>
						<line number="113" hits="0"/>
						<line number="114" hits="0"/>
						<line number="124" hits="0"/>
						<line number="125" hits="0"/>
						<line number="132" hits="0"/>
						<line number="133" hits="0"/>
						<line number="135" hits="0"/>
						<line number="136" hits="0" branch="true" condition-coverage="0% (0/2)" missing-branches="137,145"/>
						<line number="137" hits="0"/>
						<line number="138" hits="0"/>
						<line number="145" hits="0"/>
						<line number="152" hits="0"/>
						<line number="153" hits="0"/>
						<line number="163" hits="0"/>
						<line number="166" hits="0"/>
						<line number="167" hits="0" branch="true" condition-coverage="0% (0/2)" missing-branches="168,171"/>
						<line number="168" hits="0"/>
						<line number="171" hits="0"/>
						<line number="173" hits="0"/>
						<line number="182" hits="0"/>
						<line number="183" hits="0"/>
						<line number="194" hits="0"/>
						<line number="197" hits="0"/>
						<line number="198" hits="0" branch="true" condition-coverage="0% (0/2)" missing-branches="199,202"/>
						<line number="199" hits="0"/>
						<line number="202" hits="0"/>
						<line number="204" hits="0"/>
						<line number="213" hits="0"/>
						<line number="214" hits="0"/>
						<line number="225" hits="0"/>
						<line number="228" hits="0"/>
						<line number="229" hits="0" branch="true" condition-coverage="0% (0/2)" missing-branches="230,233"/>
						<line number="230" hits="0"/>
						<line number="233" hits="0"/>
						<line number="235" hits="0"/>
						<line number="244" hits="0"/>
						<line number="245" hits="0"/>
						<line number="256" hits="0"/>
						<line number="259" hits="0"/>
						<line number="260" hits="0" branch="true" condition-coverage="0% (0/2)" missing-branches="261,264"/>
						<line number="261" hits="0"/>
						<line number="264" hits="0"/>
						<line number="266" hits="0"/>
						<line number="275" hits="0"/>
						<line number="276" hits="0"/>
						<line number="282" hits="0"/>
						<line number="283" hits="0"/>
						<line number="285" hits="0" branch="true" condition-coverage="0% (0/2)" missing-branches="286,319"/>
						<line number="286" hits="0"/>
						<line number="288" hits="0"/>
						<line number="289" hits="0"/>
						<line number="292" hits="0"/>
						<line number="293" hits="0" branch="true" condition-coverage="0% (0/2)" missing-branches="294,301"/>
						<line number="294" hits="0"/>
						<line number="298" hits="0"/>
						<line number="301" hits="0"/>
						<line number="303" hits="0"/>
						<line number="313" hits="0"/>
						<line number="314" hits="0"/>
						<line number="319" hits="0"/>
					</lines>
				</class>
				<class name="micros.py" filename="micros.py" complexity="0" line-rate="0" branch-rate="1">
					<methods/>
					<lines>
						<line number="4" hits="0"/>
						<line number="6" hits="0"/>
						<line number="8" hits="0"/>
						<line number="10" hits="0"/>
						<line number="12" hits="0"/>
						<line number="14" hits="0"/>
						<line number="16" hits="0"/>
					</lines>
				</class>
				<class name="models.py" filename="models.py" complexity="0" line-rate="0" branch-rate="1">
					<methods/>
					<lines>
						<line number="1" hits="0"/>
						<line number="3" hits="0"/>
						<line number="4" hits="0"/>
						<line number="6" hits="0"/>
						<line number="9" hits="0"/>
						<line number="10" hits="0"/>
						<line number="20" hits="0"/>
						<line number="23" hits="0"/>
						<line number="26" hits="0"/>
						<line number="27" hits="0"/>
						<line number="28" hits="0"/>
						<line number="33" hits="0"/>
						<line number="35" hits="0"/>
						<line number="37" hits="0"/>
						<line number="38" hits="0"/>
						<line number="41" hits="0"/>
						<line number="42" hits="0"/>
						<line number="43" hits="0"/>
						<line number="44" hits="0"/>
						<line number="46" hits="0"/>
						<line number="49" hits="0"/>
						<line number="52" hits="0"/>
						<line number="53" hits="0"/>
						<line number="54" hits="0"/>
						<line number="55" hits="0"/>
						<line number="56" hits="0"/>
						<line number="58" hits="0"/>
						<line number="59" hits="0"/>
						<line number="61" hits="0"/>
						<line number="64" hits="0"/>
						<line number="67" hits="0"/>
						<line number="68" hits="0"/>
						<line number="69" hits="0"/>
						<line number="70" hits="0"/>
						<line number="71" hits="0"/>
						<line number="72" hits="0"/>
						<line number="73" hits="0"/>
						<line number="74" hits="0"/>
						<line number="77" hits="0"/>
						<line number="78" hits="0"/>
						<line number="79" hits="0"/>
						<line number="80" hits="0"/>
						<line number="83" hits="0"/>
						<line number="84" hits="0"/>
						<line number="87" hits="0"/>
						<line number="88" hits="0"/>
					</lines>
				</class>
				<class name="pdf_gen.py" filename="pdf_gen.py" complexity="0" line-rate="0" branch-rate="1">
					<methods/>
					<lines>
						<line number="4" hits="0"/>
						<line number="6" hits="0"/>
						<line number="7" hits="0"/>
						<line number="8" hits="0"/>
						<line number="10" hits="0"/>
						<line number="11" hits="0"/>
						<line number="12" hits="0"/>
						<line number="13" hits="0"/>
						<line number="14" hits="0"/>
						<line number="27" hits="0"/>
						<line number="31" hits="0"/>
						<line number="32" hits="0"/>
						<line number="41" hits="0"/>
						<line number="44" hits="0"/>
						<line number="52" hits="0"/>
						<line number="60" hits="0"/>
						<line number="69" hits="0"/>
						<line number="72" hits="0"/>
						<line number="73" hits="0"/>
						<line number="74" hits="0"/>
						<line number="77" hits="0"/>
						<line number="80" hits="0"/>
						<line number="81" hits="0"/>
						<line number="83" hits="0"/>
						<line number="92" hits="0"/>
						<line number="93" hits="0"/>
						<line number="99" hits="0"/>
						<line number="100" hits="0"/>
						<line number="103" hits="0"/>
						<line number="105" hits="0"/>
						<line number="113" hits="0"/>
						<line number="114" hits="0"/>
						<line number="122" hits="0"/>
						<line number="123" hits="0"/>
						<line number="126" hits="0"/>
						<line number="128" hits="0"/>
						<line number="134" hits="0"/>
						<line number="135" hits="0"/>
						<line number="140" hits="0"/>
						<line number="143" hits="0"/>
						<line number="144" hits="0"/>
						<line number="149" hits="0"/>
						<line number="152" hits="0"/>
						<line number="154" hits="0"/>
						<line number="155" hits="0"/>
						<line number="156" hits="0"/>
					</lines>
				</class>
				<class name="rates.py" filename="rates.py" complexity="0" line-rate="0.9" branch-rate="0.7">
					<methods/>
					<lines>
						<line number="5" hits="1"/>
						<line number="7" hits="1"/>
						<line number="8" hits="1"/>
						<line number="9" hits="1"/>
						<line number="12" hits="1"/>
						<line number="46" hits="1"/>
						<line number="48" hits="1"/>
						<line number="50" hits="1"/>
						<line number="51" hits="1" branch="true" condition-coverage="50% (1/2)" missing-branches="56"/>
						<line number="52" hits="1"/>
						<line number="53" hits="1"/>
						<line number="54" hits="0"/>
						<line number="55" hits="0"/>
						<line number="56" hits="0"/>
						<line number="58" hits="1"/>
						<line number="68" hits="1"/>
						<line number="71" hits="1"/>
						<line number="72" hits="1"/>
						<line number="74" hits="1"/>
						<line number="77" hits="1"/>
						<line number="78" hits="1" branch="true" condition-coverage="50% (1/2)" missing-branches="84"/>
						<line number="79" hits="1" branch="true" condition-coverage="100% (2/2)"/>
						<line number="80" hits="1"/>
						<line number="81" hits="1"/>
						<line number="84" hits="1"/>
						<line number="85" hits="1" branch="true" condition-coverage="50% (1/2)" missing-branches="90"/>
						<line number="86" hits="1" branch="true" condition-coverage="100% (2/2)"/>
						<line number="87" hits="1"/>
						<line number="88" hits="1"/>
						<line number="90" hits="1"/>
					</lines>
				</class>
			</classes>
		</package>
	</packages>
</coverage>
