<testsuites id="" name="" tests="1" failures="0" skipped="0" errors="1" time="16.650914">
<testsuite name="happy-path.test.ts" timestamp="2026-05-22T20:51:10.350Z" hostname="chromium" tests="1" failures="0" skipped="0" time="12.274" errors="1">
<testcase name="Project Nyra - Happy Path Smoke Test › should navigate through core platform flows" classname="happy-path.test.ts" time="12.274">
<system-out>
<![CDATA[
[[ATTACHMENT|../test-results/happy-path-Project-Nyra----ee6a1-through-core-platform-flows-chromium/test-failed-1.png]]

[[ATTACHMENT|../test-results/happy-path-Project-Nyra----ee6a1-through-core-platform-flows-chromium/video.webm]]

[[ATTACHMENT|../test-results/happy-path-Project-Nyra----ee6a1-through-core-platform-flows-chromium/error-context.md]]
]]>
</system-out>
<error message="page.goto: Timeout 10000ms exceeded." type="TimeoutError">
<![CDATA[  [chromium] › happy-path.test.ts:9:3 › Project Nyra - Happy Path Smoke Test › should navigate through core platform flows 

    TimeoutError: page.goto: Timeout 10000ms exceeded.
    Call log:
      - navigating to "http://localhost:3001/", waiting until "load"


      13 |       process.env.RATEHUNTER_E2E_URL || "http://localhost:3001";
      14 |
    > 15 |     await page.goto(rateHunterUrl);
         |                ^
      16 |     await expect(page).toHaveTitle(/RateHunter/i);
      17 |
      18 |     await page.goto(projectNyraUrl);
        at /home/ellisapotheosis/repos/project-nyra/tests/e2e/happy-path.test.ts:15:16

    attachment #1: screenshot (image/png) ──────────────────────────────────────────────────────────
    ../../test-results/happy-path-Project-Nyra----ee6a1-through-core-platform-flows-chromium/test-failed-1.png
    ────────────────────────────────────────────────────────────────────────────────────────────────

    attachment #2: video (video/webm) ──────────────────────────────────────────────────────────────
    ../../test-results/happy-path-Project-Nyra----ee6a1-through-core-platform-flows-chromium/video.webm
    ────────────────────────────────────────────────────────────────────────────────────────────────

    Error Context: ../../test-results/happy-path-Project-Nyra----ee6a1-through-core-platform-flows-chromium/error-context.md
]]>
</error>
</testcase>
</testsuite>
</testsuites>